<?xml version="1.0" encoding="UTF-8"?>
<!-- Generated by org.testng.reporters.JUnitReportReporter -->
<testsuite hostname="EPINHYDW07A9" failures="0" tests="1" name="RestAPITask.Pet2" time="1.750" errors="0" timestamp="2022-05-24T10:15:56 IST" skipped="0">
  <testcase classname="RestAPITask.Pet2" name="get" time="1.750"/>
  <system-out/>
</testsuite> <!-- RestAPITask.Pet2 -->
