<?xml version="1.0" encoding="UTF-8"?>
<!-- Generated by org.testng.reporters.JUnitReportReporter -->
<testsuite hostname="EPINHYDW07A9" failures="0" tests="1" name="RestAPITask.Pet1" time="5.337" errors="0" timestamp="2022-05-22T10:32:38 IST" skipped="0">
  <testcase classname="RestAPITask.Pet1" name="petdetails" time="5.337"/>
  <system-out/>
</testsuite> <!-- RestAPITask.Pet1 -->
