<?xml version="1.0" encoding="UTF-8"?>
<!-- Generated by org.testng.reporters.JUnitReportReporter -->
<testsuite hostname="EPINHYDW07A9" failures="0" tests="2" name="RestAPITask.Pet1$HomeTask1" time="3.610" errors="0" timestamp="2022-05-24T11:23:34 IST" skipped="0">
  <testcase classname="RestAPITask.Pet1$HomeTask1" name="put" time="3.294"/>
  <system-out/>
  <testcase classname="RestAPITask.Pet1$HomeTask1" name="get" time="0.316"/>
  <system-out/>
</testsuite> <!-- RestAPITask.Pet1$HomeTask1 -->
