<?xml version="1.0" encoding="UTF-8"?>
<!-- Generated by org.testng.reporters.JUnitReportReporter -->
<testsuite hostname="EPINHYDW07A9" failures="0" tests="1" name="RestAPITask.Weather" time="1.444" errors="0" timestamp="2022-05-23T13:33:37 IST" skipped="0">
  <testcase classname="RestAPITask.Weather" name="get" time="1.444"/>
  <system-out/>
</testsuite> <!-- RestAPITask.Weather -->
