<?xml version="1.0" encoding="UTF-8"?>
<!-- Generated by org.testng.reporters.JUnitReportReporter -->
<testsuite hostname="EPINHYDW07A9" failures="0" tests="1" name="RestAPITask.Weather" time="2.102" errors="0" timestamp="2022-05-24T15:45:48 IST" skipped="0">
  <testcase classname="RestAPITask.Weather" name="get" time="2.102"/>
  <system-out/>
</testsuite> <!-- RestAPITask.Weather -->
