<?xml version="1.0" encoding="UTF-8"?>
<!-- Generated by org.testng.reporters.JUnitReportReporter -->
<testsuite hostname="EPINHYDW07A9" failures="0" tests="10" name="RestAPITask.Rest_Functional" time="8.682" errors="0" timestamp="2022-05-24T10:25:51 IST" skipped="0">
  <testcase classname="RestAPITask.Rest_Functional" name="verifyUserLoginUnSuccessful" time="0.464"/>
  <system-out/>
  <testcase classname="RestAPITask.Rest_Functional" name="verifyDelayedResponse" time="4.525"/>
  <system-out/>
  <testcase classname="RestAPITask.Rest_Functional" name="verifyGetInvalidUserResponse" time="0.494"/>
  <system-out/>
  <testcase classname="RestAPITask.Rest_Functional" name="verifyGetListUsers" time="0.451"/>
  <system-out/>
  <testcase classname="RestAPITask.Rest_Functional" name="verifyUserLogin" time="0.500"/>
  <system-out/>
  <testcase classname="RestAPITask.Rest_Functional" name="verifyUserRegister" time="0.583"/>
  <system-out/>
  <testcase classname="RestAPITask.Rest_Functional" name="verifyUserRegisterUnSuccessful" time="0.462"/>
  <system-out/>
  <testcase classname="RestAPITask.Rest_Functional" name="verifyPostRequest" time="0.453"/>
  <system-out/>
  <testcase classname="RestAPITask.Rest_Functional" name="verifyPutRequest" time="0.543"/>
  <system-out/>
  <testcase classname="RestAPITask.Rest_Functional" name="verifyGetRequest" time="0.207"/>
  <system-out/>
</testsuite> <!-- RestAPITask.Rest_Functional -->
